<?xml version="1.0" encoding="UTF-8"?>
<robot generator="Robot 6.1.1 (Python 3.11.4 on win32)" generated="20230807 17:58:49.486" rpa="false" schemaversion="4">
<suite id="s1" name="Test" source="c:\Users\nafs2\Documents\Git\cursos_de_programacao\Robot\Pandas\test.robot">
<test id="s1-t1" name="Obter Palavra e Armazenar em Variável" line="6">
<kw name="Obter Palavra" library="palavra">
<var>${retorno}</var>
<msg timestamp="20230807 17:58:50.542" level="INFO">${retorno} = 
=========
 Erro na linha 998
 Coluna: Department
 Esperado: Finance 
 Recebido: Finance234 
=========
</msg>
<status status="PASS" starttime="20230807 17:58:50.535" endtime="20230807 17:58:50.545"/>
</kw>
<kw name="Log To Console" library="BuiltIn">
<arg>${retorno}</arg>
<doc>Logs the given message to the console.</doc>
<status status="PASS" starttime="20230807 17:58:50.546" endtime="20230807 17:58:50.548"/>
</kw>
<status status="PASS" starttime="20230807 17:58:50.534" endtime="20230807 17:58:50.548"/>
</test>
<status status="PASS" starttime="20230807 17:58:49.492" endtime="20230807 17:58:50.549"/>
</suite>
<statistics>
<total>
<stat pass="1" fail="0" skip="0">All Tests</stat>
</total>
<tag>
</tag>
<suite>
<stat pass="1" fail="0" skip="0" id="s1" name="Test">Test</stat>
</suite>
</statistics>
<errors>
</errors>
</robot>
